
 .----------------. 
| .--------------. |
| |   _    _     | |
| |  | |  | |    | |
| |  | |__| |_   | |
| |  |____   _|  | |
| |      _| |_   | |
| |     |_____|  | |
| |              | |
| '--------------' |
 '----------------' 


Hostname: localhost
Invoker port: 65000
Listening on port 65436
Fifo mode: True
ID: 4
Edges: [[4, 0], [4, 1], [4, 2], [4, 3], [4, 5], [4, 6], [4, 7], [4, 8], [4, 9]]
DNS: {0: 65432, 1: 65433, 2: 65434, 3: 65435, 5: 65437, 6: 65438, 7: 65439, 8: 65440, 9: 65441}
REPLY from 0 
REQUEST from 6 
REQUEST from 3 
REQUEST from 0 
REPLY from 1 
REPLY from 2 
REPLY from 3 
REPLY from 5 
REPLY from 6 
REPLY from 7 
REPLY from 8 
REPLY from 9 
REQUEST from 2 
REQUEST from 7 
REQUEST from 1 
REQUEST from 5 
REQUEST from 8 
REQUEST from 9 
RELEASE from 0 
RELEASE from 3 
REQUEST from 1 
REQUEST from 9 
REQUEST from 0 
REQUEST from 6 
REQUEST from 2 
REQUEST from 7 
REPLY from 0 
REPLY from 1 
REQUEST from 5 
REPLY from 2 
REPLY from 7 
REPLY from 8 
REPLY from 9 
REPLY from 5 
REPLY from 3 
REQUEST from 3 
REQUEST from 8 
RELEASE from 6 
REPLY from 6 
RELEASE from 1 
RELEASE from 2 
RELEASE from 5 
RELEASE from 7 
RELEASE from 8 
RELEASE from 9 
RELEASE from 1 
END from 1 
RELEASE from 9 
END from 9 
RELEASE from 0 
END from 0 
RELEASE from 6 
END from 6 
RELEASE from 2 
END from 2 
RELEASE from 5 
END from 5 
RELEASE from 7 
END from 7 
RELEASE from 3 
END from 3 
RELEASE from 8 
END from 8 
