
 .----------------. 
| .--------------. |
| |   _    _     | |
| |  | |  | |    | |
| |  | |__| |_   | |
| |  |____   _|  | |
| |      _| |_   | |
| |     |_____|  | |
| |              | |
| '--------------' |
 '----------------' 


Hostname: localhost
Invoker port: 65000
Listening on port 65436
Fifo mode: True
ID: 4
Edges: [[4, 0], [4, 1], [4, 2], [4, 3]]
DNS: {0: 65432, 1: 65433, 2: 65434, 3: 65435}
REPLY from 0 
REPLY from 1 
REPLY from 2 
REQUEST from 0 
REQUEST from 3 
REPLY from 3 
REQUEST from 1 
RELEASE from 0 
REQUEST from 2 
RELEASE from 3 
REQUEST from 1 
REQUEST from 0 
REPLY from 0 
REPLY from 2 
REQUEST from 2 
REPLY from 3 
REQUEST from 3 
RELEASE from 1 
REPLY from 1 
RELEASE from 2 
RELEASE from 1 
END from 1 
RELEASE from 0 
END from 0 
RELEASE from 2 
END from 2 
RELEASE from 3 
END from 3 
