
 .----------------. 
| .--------------. |
| |     __       | |
| |    /  |      | |
| |    `| |      | |
| |     | |      | |
| |    _| |_     | |
| |   |_____|    | |
| |              | |
| '--------------' |
 '----------------' 


Hostname: localhost
Invoker port: 65000
Listening on port 65433
Fifo mode: True
ID: 1
Edges: [[1, 0], [1, 2], [1, 3], [1, 4], [1, 5], [1, 6], [1, 7], [1, 8], [1, 9], [1, 10], [1, 11], [1, 12], [1, 13], [1, 14], [1, 15], [1, 16], [1, 17], [1, 18], [1, 19]]
DNS: {0: 65432, 2: 65434, 3: 65435, 4: 65436, 5: 65437, 6: 65438, 7: 65439, 8: 65440, 9: 65441, 10: 65442, 11: 65443, 12: 65444, 13: 65445, 14: 65446, 15: 65447, 16: 65448, 17: 65449, 18: 65450, 19: 65451}
REQUEST from 0 
REQUEST from 4 
REQUEST from 6 
REQUEST from 3 
REQUEST from 15 
REQUEST from 19 
REQUEST from 18 
REQUEST from 2 
REQUEST from 5 
REQUEST from 7 
REPLY from 2 
REPLY from 5 
REPLY from 8 
REPLY from 9 
REPLY from 10 
REPLY from 11 
REPLY from 7 
REPLY from 12 
REQUEST from 14 
REQUEST from 10 
REQUEST from 12 
REPLY from 14 
REQUEST from 8 
REPLY from 16 
REPLY from 17 
REPLY from 13 
REQUEST from 13 
REQUEST from 9 
REPLY from 0 
REQUEST from 16 
REQUEST from 11 
REQUEST from 17 
REPLY from 3 
REQUEST from 0 
REPLY from 4 
REQUEST from 4 
REQUEST from 3 
REPLY from 6 
REPLY from 15 
REPLY from 18 
REQUEST from 6 
REQUEST from 18 
REPLY from 19 
REPLY from 15 
REPLY from 19 
REQUEST from 15 
REQUEST from 19 
REPLY from 2 
REPLY from 5 
REPLY from 7 
REPLY from 13 
REQUEST from 7 
REQUEST from 5 
REQUEST from 2 
REPLY from 14 
REQUEST from 13 
REPLY from 12 
REQUEST from 12 
REPLY from 10 
REPLY from 8 
REQUEST from 14 
REPLY from 9 
REQUEST from 9 
REQUEST from 10 
REPLY from 11 
REPLY from 16 
REQUEST from 8 
REQUEST from 11 
REPLY from 17 
REPLY from 0 
END from 0 
REQUEST from 16 
REPLY from 4 
END from 4 
REPLY from 3 
END from 3 
REPLY from 6 
END from 6 
REPLY from 18 
END from 18 
REQUEST from 17 
END from 15 
END from 19 
END from 2 
END from 5 
END from 7 
END from 13 
END from 12 
END from 14 
END from 10 
END from 9 
END from 8 
END from 11 
END from 16 
END from 17 
